<?xml version="1.0" encoding="UTF-8"?>
<!-- Generated by org.testng.reporters.JUnitReportReporter -->
<testsuite hostname="DESKTOP-807AG9O" failures="0" tests="1" name="testcases.TC03_ChannelNewsAsia_SingaporeWeather" time="12.419" errors="0" timestamp="2021-10-11T08:41:43 IST" skipped="0">
  <testcase classname="testcases.TC03_ChannelNewsAsia_SingaporeWeather" name="test_channelNewsAsia" time="12.419"/>
  <system-out/>
</testsuite> <!-- testcases.TC03_ChannelNewsAsia_SingaporeWeather -->
