<?xml version="1.0" encoding="UTF-8"?>
<!-- Generated by org.testng.reporters.JUnitReportReporter -->
<testsuite hostname="DESKTOP-807AG9O" failures="0" tests="1" name="testcases.TC01_ChannelNewsAsia" time="15.885" errors="0" timestamp="2021-10-11T06:54:13 IST" skipped="0">
  <testcase classname="testcases.TC01_ChannelNewsAsia" name="test_channelNewsAsia" time="15.885"/>
  <system-out/>
</testsuite> <!-- testcases.TC01_ChannelNewsAsia -->
