<?xml version="1.0" encoding="UTF-8"?>
<!-- Generated by org.testng.reporters.JUnitReportReporter -->
<testsuite hostname="DESKTOP-807AG9O" failures="0" tests="1" name="testcases.TC02_ChannelNewsAsia_InternationalEdition" time="19.848" errors="0" timestamp="2021-10-11T08:21:46 IST" skipped="0">
  <testcase classname="testcases.TC02_ChannelNewsAsia_InternationalEdition" name="test_channelNewsAsia" time="19.848"/>
  <system-out/>
</testsuite> <!-- testcases.TC02_ChannelNewsAsia_InternationalEdition -->
